<?xml version="1.0" encoding="UTF-8"?>
<!-- Generated by org.testng.reporters.JUnitReportReporter -->
<testsuite hostname="DESKTOP-PJ44N8I" failures="0" tests="4" name="tests.CategoriesTests" time="3.898" errors="0" timestamp="2022-05-20T23:44:16 EET" skipped="0">
  <testcase classname="tests.CategoriesTests" name="CTT_GET_ID" time="0.076"/>
  <system-out/>
  <testcase classname="tests.CategoriesTests" name="CTT_GET_ID" time="0.049"/>
  <system-out/>
  <testcase classname="tests.CategoriesTests" name="CTT_GET_ID" time="3.619"/>
  <system-out/>
  <testcase classname="tests.CategoriesTests" name="CTT_GET_ID" time="0.154"/>
  <system-out/>
</testsuite> <!-- tests.CategoriesTests -->
