<?xml version="1.0" encoding="UTF-8"?>
<!-- Generated by org.testng.reporters.JUnitReportReporter -->
<testsuite hostname="DESKTOP-PJ44N8I" failures="0" tests="1" name="tests.StoresTests" time="4.116" errors="0" timestamp="2022-05-20T11:23:31 EET" skipped="0">
  <testcase classname="tests.StoresTests" name="STT_DELETE_Request_VALID" time="4.116"/>
  <system-out/>
</testsuite> <!-- tests.StoresTests -->
