<?xml version="1.0" encoding="UTF-8"?>
<!-- Generated by org.testng.reporters.JUnitReportReporter -->
<testsuite hostname="DESKTOP-PJ44N8I" failures="0" tests="1" name="tests.CategoriesTests" time="3.963" errors="0" timestamp="2022-05-20T11:40:37 EET" skipped="0">
  <testcase classname="tests.CategoriesTests" name="CTT_DELETE_Request_VALID" time="3.963"/>
  <system-out/>
</testsuite> <!-- tests.CategoriesTests -->
