<?xml version="1.0" encoding="UTF-8"?>
<!-- Generated by org.testng.reporters.JUnitReportReporter -->
<testsuite hostname="DESKTOP-PJ44N8I" failures="0" tests="1" name="tests.ProductsTests" time="4.230" errors="0" timestamp="2022-05-20T11:45:32 EET" skipped="0">
  <testcase classname="tests.ProductsTests" name="CTT_DELETE_Request_VALID" time="4.230"/>
  <system-out/>
</testsuite> <!-- tests.ProductsTests -->
